Info: Generated by version: 26.1 build 110
Info: Starting: Create simulation model
Info: vds-generate /altera_examples/altera_learn/proj/2_vds/cmpl_proj/src/vds/top/ip/top_ram.ip --simulation=VERILOG --allow-mixed-language-simulation --simulator=RIVIERA,XCELIUM,VCS,VCSMX,MODELSIM --output-directory=/altera_examples/altera_learn/proj/2_vds/cmpl_proj/gen/vds/top/ip/top_ram --family="Agilex 3" --part=A3CY100BM16AE7S
Info: top_ram: "Transforming system: top_ram"
Info: top_ram: "Naming system components in system: top_ram"
Info: top_ram: "Processing generation queue"
Info: top_ram: "Generating: top_ram"
Info: top_ram: "Generating: top_ram_intel_onchip_memory_1411_csm74aq"
Info: top_ram: Done "top_ram" with 2 modules, 4 files
Warning: Skipping generation of synopsys/vcs/vcs_setup.sh since VCS 2-step flow is not supported for specified device family. Use VCS-MX or another supported simulator.
Info: Generating the following file(s) for RIVIERA simulator in /altera_examples/altera_learn/proj/2_vds/cmpl_proj/gen/vds/top/ip/top_ram/sim/ directory:
Info: 	common/riviera_files.tcl
Info: Generating the following file(s) for XCELIUM simulator in /altera_examples/altera_learn/proj/2_vds/cmpl_proj/gen/vds/top/ip/top_ram/sim/ directory:
Info: 	common/xcelium_files.tcl
Info: Generating the following file(s) for VCSMX simulator in /altera_examples/altera_learn/proj/2_vds/cmpl_proj/gen/vds/top/ip/top_ram/sim/ directory:
Info: 	common/vcsmx_files.tcl
Info: Generating the following file(s) for MODELSIM simulator in /altera_examples/altera_learn/proj/2_vds/cmpl_proj/gen/vds/top/ip/top_ram/sim/ directory:
Info: 	common/modelsim_files.tcl
Info: For information on how to simulate your IP, see the explanatory comments in the simulator-specific subdirectories under /altera_examples/altera_learn/proj/2_vds/cmpl_proj/gen/vds/top/ip/top_ram/sim/.
Info: Regenerate these scripts whenever you make any change to any Quartus-generated IP in your project.
Info: Finished: Create simulation model
Info: Starting: Create simulation script
Info: sim-script-gen --system-file=/altera_examples/altera_learn/proj/2_vds/cmpl_proj/src/vds/top/ip/top_ram.ip --simulator=RIVIERA,XCELIUM,VCS,VCSMX,MODELSIM --output-directory=/altera_examples/altera_learn/proj/2_vds/cmpl_proj/gen/vds/top/ip/top_ram/sim/ --use-relative-paths=true
Warning: Skipping generation of synopsys/vcs/vcs_setup.sh since VCS 2-step flow is not supported for specified device family. Use VCS-MX or another supported simulator.
Info: Generating the following file(s) for RIVIERA simulator in /altera_examples/altera_learn/proj/2_vds/cmpl_proj/gen/vds/top/ip/top_ram/sim/ directory:
Info: 	aldec/rivierapro_setup.tcl
Info: 	aldec/run_rivierapro_setup.tcl
Info: Generating the following file(s) for XCELIUM simulator in /altera_examples/altera_learn/proj/2_vds/cmpl_proj/gen/vds/top/ip/top_ram/sim/ directory:
Info: 	xcelium/cds.lib
Info: 	xcelium/hdl.var
Info: 	xcelium/xcelium_setup.sh
Info: 	3 .cds.lib files in xcelium/cds_libs/ directory
Info: Generating the following file(s) for VCSMX simulator in /altera_examples/altera_learn/proj/2_vds/cmpl_proj/gen/vds/top/ip/top_ram/sim/ directory:
Info: 	synopsys/vcsmx/_device_synopsys_sim.setup
Info: 	synopsys/vcsmx/synopsys_sim.setup
Info: 	synopsys/vcsmx/vcsmx_setup.sh
Info: Generating the following file(s) for MODELSIM simulator in /altera_examples/altera_learn/proj/2_vds/cmpl_proj/gen/vds/top/ip/top_ram/sim/ directory:
Info: 	mentor/msim_setup.tcl
Info: 	mentor/run_msim_setup.tcl
Info: For information on how to simulate your IP, see the explanatory comments in the simulator-specific subdirectories under /altera_examples/altera_learn/proj/2_vds/cmpl_proj/gen/vds/top/ip/top_ram/sim/.
Info: Regenerate these scripts whenever you make any change to any Quartus-generated IP in your project.
Info: Finished: Create simulation script
Info: 
Info: Starting: Create HDL design files for synthesis
Info: vds-generate /altera_examples/altera_learn/proj/2_vds/cmpl_proj/src/vds/top/ip/top_ram.ip --synthesis=VERILOG --output-directory=/altera_examples/altera_learn/proj/2_vds/cmpl_proj/gen/vds/top/ip/top_ram --family="Agilex 3" --part=A3CY100BM16AE7S
Info: top_ram: "Transforming system: top_ram"
Info: top_ram: "Naming system components in system: top_ram"
Info: top_ram: "Processing generation queue"
Info: top_ram: "Generating: top_ram"
Info: top_ram: "Generating: top_ram_intel_onchip_memory_1411_csm74aq"
Info: top_ram: Done "top_ram" with 2 modules, 4 files
Info: Finished: Create HDL design files for synthesis
