Info: Generated by version: 26.1 build 110
Info: Starting: Create simulation model
Info: vds-generate /altera_examples/altera_learn/proj/2_vds/cmpl_proj/src/vds/top/top.vds --simulation=VERILOG --allow-mixed-language-simulation --simulator=RIVIERA,XCELIUM,VCS,VCSMX,MODELSIM --output-directory=/altera_examples/altera_learn/proj/2_vds/cmpl_proj/gen/vds/top --family="Agilex 3" --part=A3CY100BM16AE7S
Progress: Loading top/top.vds
Progress: Reading input file
Progress: Parameterizing module clk
Progress: Parameterizing module juart
Progress: Parameterizing module niosv
Progress: Parameterizing module ram
Progress: Building connections
Progress: Parameterizing connections
Progress: Validating
Progress: Done reading input file
Warning: top.juart: Interrupt sender juart.irq is not connected to an interrupt receiver
Info: top: "Transforming system: top"
Info: top: "Naming system components in system: top"
Info: top: "Processing generation queue"
Info: top: "Generating: top"
Info: top: "Generating: top_clk"
Info: top: "Generating: top_juart"
Info: top: "Generating: top_niosv"
Info: top: "Generating: top_ram"
Info: top: "Generating: top_altera_mm_interconnect_1920_wwna2kq"
Info: top: "Generating: altera_reset_controller"
Info: top: "Generating: top_altera_merlin_axi_translator_1987_jmx322a"
Info: top: "Generating: top_altera_merlin_slave_translator_191_xg7rzxi"
Info: top: "Generating: top_altera_merlin_axi_translator_1987_lty7xoq"
Info: top: "Generating: top_altera_merlin_axi_master_ni_19117_a33l7ua"
Info: top: "Generating: top_altera_merlin_slave_agent_1930_jxauz3i"
Info: top: "Generating: top_altera_avalon_sc_fifo_1932_22gxxgi"
Info: top: "Generating: top_altera_merlin_axi_slave_ni_19129_jimy6za"
Info: my_altera_avalon_sc_fifo_wr: "Generating: my_altera_avalon_sc_fifo_wr"
Info: my_altera_avalon_sc_fifo_rd: "Generating: my_altera_avalon_sc_fifo_rd"
Info: my_altera_avalon_st_pipeline_stage_rd: "Generating: my_altera_avalon_st_pipeline_stage_rd"
Info: my_altera_avalon_st_pipeline_stage_wr: "Generating: my_altera_avalon_st_pipeline_stage_wr"
Info: my_altera_avalon_st_pipeline_stage_rp: "Generating: my_altera_avalon_st_pipeline_stage_rp"
Info: top: "Generating: top_altera_merlin_router_1921_v5rfyli"
Info: top: "Generating: top_altera_merlin_router_1921_jbra4kq"
Info: top: "Generating: top_altera_merlin_router_1921_et7blli"
Info: top: "Generating: top_altera_merlin_router_1921_rw2a5pi"
Info: top: "Generating: top_altera_merlin_router_1921_wud6yfi"
Info: top: "Generating: top_altera_merlin_router_1921_23fta3q"
Info: top: "Generating: top_altera_merlin_router_1921_dkyrmhq"
Info: top: "Generating: top_altera_merlin_demultiplexer_1921_jd7cwai"
Info: top: "Generating: top_altera_merlin_demultiplexer_1921_donqkmi"
Info: top: "Generating: top_altera_merlin_multiplexer_1922_w4guyuy"
Info: top: "Generating: top_altera_merlin_multiplexer_1922_4zg7kyq"
Info: top: "Generating: top_altera_merlin_multiplexer_1922_ql6jrba"
Info: top: "Generating: top_altera_merlin_axi_slave_ni_altera_avalon_sc_fifo_19129_fs67l3a"
Info: top: "Generating: top_altera_merlin_axi_slave_ni_altera_avalon_st_pipeline_stage_19129_a5cmeay"
Info: top: "Generating: top_altera_merlin_axi_slave_ni_altera_avalon_st_pipeline_stage_19129_zyff54i"
Info: top: "Generating: top_altera_merlin_axi_slave_ni_altera_avalon_st_pipeline_stage_19129_6ngu5fy"
Info: top: "Generating: top_altera_avalon_st_pipeline_stage_1930_oiupeiq"
Info: top: Done "top" with 31 modules, 46 files
Warning: Skipping generation of synopsys/vcs/vcs_setup.sh since VCS 2-step flow is not supported for specified device family. Use VCS-MX or another supported simulator.
Info: Generating the following file(s) for RIVIERA simulator in /altera_examples/altera_learn/proj/2_vds/cmpl_proj/gen/vds/top/sim/ directory:
Info: 	common/riviera_files.tcl
Info: Generating the following file(s) for XCELIUM simulator in /altera_examples/altera_learn/proj/2_vds/cmpl_proj/gen/vds/top/sim/ directory:
Info: 	common/xcelium_files.tcl
Info: Generating the following file(s) for VCSMX simulator in /altera_examples/altera_learn/proj/2_vds/cmpl_proj/gen/vds/top/sim/ directory:
Info: 	common/vcsmx_files.tcl
Info: Generating the following file(s) for MODELSIM simulator in /altera_examples/altera_learn/proj/2_vds/cmpl_proj/gen/vds/top/sim/ directory:
Info: 	common/modelsim_files.tcl
Info: For information on how to simulate your IP, see the explanatory comments in the simulator-specific subdirectories under /altera_examples/altera_learn/proj/2_vds/cmpl_proj/gen/vds/top/sim/.
Info: Regenerate these scripts whenever you make any change to any Quartus-generated IP in your project.
Info: Finished: Create simulation model
Info: Starting: Create simulation script
Info: sim-script-gen --system-file=/altera_examples/altera_learn/proj/2_vds/cmpl_proj/src/vds/top/top.vds --simulator=RIVIERA,XCELIUM,VCS,VCSMX,MODELSIM --output-directory=/altera_examples/altera_learn/proj/2_vds/cmpl_proj/gen/vds/top/sim/ --use-relative-paths=true
Warning: Skipping generation of synopsys/vcs/vcs_setup.sh since VCS 2-step flow is not supported for specified device family. Use VCS-MX or another supported simulator.
Info: Generating the following file(s) for RIVIERA simulator in /altera_examples/altera_learn/proj/2_vds/cmpl_proj/gen/vds/top/sim/ directory:
Info: 	aldec/rivierapro_setup.tcl
Info: 	aldec/run_rivierapro_setup.tcl
Info: Generating the following file(s) for XCELIUM simulator in /altera_examples/altera_learn/proj/2_vds/cmpl_proj/gen/vds/top/sim/ directory:
Info: 	xcelium/cds.lib
Info: 	xcelium/hdl.var
Info: 	xcelium/xcelium_setup.sh
Info: 	1 .cds.lib files in xcelium/cds_libs/ directory
Info: Generating the following file(s) for VCSMX simulator in /altera_examples/altera_learn/proj/2_vds/cmpl_proj/gen/vds/top/sim/ directory:
Info: 	synopsys/vcsmx/_device_synopsys_sim.setup
Info: 	synopsys/vcsmx/synopsys_sim.setup
Info: 	synopsys/vcsmx/vcsmx_setup.sh
Info: Generating the following file(s) for MODELSIM simulator in /altera_examples/altera_learn/proj/2_vds/cmpl_proj/gen/vds/top/sim/ directory:
Info: 	mentor/msim_setup.tcl
Info: 	mentor/run_msim_setup.tcl
Info: For information on how to simulate your IP, see the explanatory comments in the simulator-specific subdirectories under /altera_examples/altera_learn/proj/2_vds/cmpl_proj/gen/vds/top/sim/.
Info: Regenerate these scripts whenever you make any change to any Quartus-generated IP in your project.
Info: Finished: Create simulation script
Info: 
Info: Starting: Create testbench Platform Designer system
Info: /altera_examples/altera_learn/proj/2_vds/cmpl_proj/gen/vds/top_tb/top.ipx
Info: vds-generate /altera_examples/altera_learn/proj/2_vds/cmpl_proj/src/vds/top/top.vds --testbench=STANDARD --output-directory=/altera_examples/altera_learn/proj/2_vds/cmpl_proj/src/vds/top --family="Agilex 3" --part=A3CY100BM16AE7S
Info: Loading IP catalog for testbench.
Info: Running script /opt/altera/qpro_26_1/vds/lib/tbgen.tcl
Info: send_message Info TB_Gen: QSYS Testbench Generator Rev: $Revision: #3 $
Info: TB_Gen: QSYS Testbench Generator Rev: $Revision: #3 $
Info: get_module_property NAME
Info: send_message Info TB_Gen: System design is: top
Info: TB_Gen: System design is: top
Info: get_interfaces 
Info: get_connections 
Info: get_interface_property clk EXPORT_OF
Info: get_instance_property clk CLASS_NAME
Info: load_component clk
Info: get_component_property CLASS_NAME
Info: get_instance_property clk CLASS_NAME
Info: load_component clk
Info: get_component_assignment testbench.partner.map.clk_in
Info: get_interface_property reset EXPORT_OF
Info: get_instance_property clk CLASS_NAME
Info: load_component clk
Info: get_component_property CLASS_NAME
Info: get_instance_property clk CLASS_NAME
Info: load_component clk
Info: get_component_assignment testbench.partner.map.clk_in_reset
Info: get_module_property FILE
Info: send_message Info TB_Gen: Creating testbench system : top_tb with all standard BFMs
Info: TB_Gen: Creating testbench system : top_tb with all standard BFMs
Info: create_system top_tb
Info: add_instance top_inst top
Info: send_message Info TB_Gen: Saving testbench system: top_tb.vds
Info: TB_Gen: Saving testbench system: top_tb.vds
Info: save_system top_tb.vds
Info: All modules have been converted to Generic Components.
Info: set_use_testbench_naming_pattern true top
Info: get_instance_property top_inst CLASS_NAME
Info: get_instance_interfaces top_inst
Info: get_instance_property top_inst CLASS_NAME
Info: get_instance_interface_property top_inst clk CLASS_NAME
Info: get_instance_property top_inst CLASS_NAME
Info: get_instance_interface_property top_inst reset CLASS_NAME
Info: get_instance_property top_inst CLASS_NAME
Info: get_instance_interface_property top_inst clk CLASS_NAME
Info: send_message Info TB_Gen: clock_sink found: clk
Info: TB_Gen: clock_sink found: clk
Info: get_instance_property top_inst CLASS_NAME
Info: get_instance_interface_property top_inst clk CLASS_NAME
Info: add_component top_inst_clk_bfm top_inst_clk_bfm_ip.ip altera_avalon_clock_source top_inst_clk_bfm
Info: top_inst_clk_bfm: Generic Component instance footprint reloaded.
Info: load_component top_inst_clk_bfm
Info: get_component_property CLASS_NAME
Info: get_instance_property top_inst CLASS_NAME
Info: get_instance_interface_parameter_value top_inst clk clockRate
Info: load_component top_inst_clk_bfm
Info: set_component_parameter_value CLOCK_RATE 50000000.0
Info: set_component_parameter_value CLOCK_UNIT 1
Info: save_component 
Info: load_component top_inst_clk_bfm
Info: get_component_property CLASS_NAME
Info: get_instance_property top_inst CLASS_NAME
Info: get_instance_interface_property top_inst clk CLASS_NAME
Info: get_instance_property top_inst_clk_bfm CLASS_NAME
Info: load_component top_inst_clk_bfm
Info: get_component_interfaces 
Info: get_instance_property top_inst_clk_bfm CLASS_NAME
Info: load_component top_inst_clk_bfm
Info: get_component_interface_property clk CLASS_NAME
Info: add_connection top_inst_clk_bfm.clk top_inst.clk
Info: get_instance_property top_inst CLASS_NAME
Info: get_instance_interface_property top_inst reset CLASS_NAME
Info: send_message Info TB_Gen: reset_sink found: reset
Info: TB_Gen: reset_sink found: reset
Info: get_instance_property top_inst CLASS_NAME
Info: get_instance_interface_property top_inst reset CLASS_NAME
Info: add_component top_inst_reset_bfm top_inst_reset_bfm_ip.ip altera_avalon_reset_source top_inst_reset_bfm
Info: top_inst_reset_bfm: Generic Component instance footprint reloaded.
Info: load_component top_inst_reset_bfm
Info: get_component_property CLASS_NAME
Info: get_instance_property top_inst CLASS_NAME
Info: get_instance_interface_ports top_inst reset
Info: get_instance_property top_inst CLASS_NAME
Info: get_instance_interface_port_property top_inst reset reset_reset_n ROLE
Info: get_instance_property top_inst CLASS_NAME
Info: get_instance_interface_port_property top_inst reset reset_reset_n ROLE
Info: load_component top_inst_reset_bfm
Info: set_component_parameter_value ASSERT_HIGH_RESET 0
Info: set_component_parameter_value INITIAL_RESET_CYCLES 50
Info: save_component 
Info: load_component top_inst_reset_bfm
Info: get_component_property CLASS_NAME
Info: get_instance_property top_inst_reset_bfm CLASS_NAME
Info: load_component top_inst_reset_bfm
Info: get_component_interfaces 
Info: get_instance_property top_inst_reset_bfm CLASS_NAME
Info: load_component top_inst_reset_bfm
Info: get_component_interface_property reset CLASS_NAME
Info: get_instance_property top_inst_reset_bfm CLASS_NAME
Info: load_component top_inst_reset_bfm
Info: get_component_interface_property clk CLASS_NAME
Info: load_component top_inst_reset_bfm
Info: get_component_property CLASS_NAME
Info: get_instance_property top_inst CLASS_NAME
Info: get_instance_interface_parameter_value top_inst reset associatedClock
Info: get_instance_property top_inst_clk_bfm CLASS_NAME
Info: load_component top_inst_clk_bfm
Info: get_component_interfaces 
Info: get_instance_property top_inst_clk_bfm CLASS_NAME
Info: load_component top_inst_clk_bfm
Info: get_component_interface_property clk CLASS_NAME
Info: send_message Warning TB_Gen: top_inst_reset_bfm is not associated to any clock; connecting top_inst_reset_bfm to 'top_inst_clk_bfm.clk'
Warning: TB_Gen: top_inst_reset_bfm is not associated to any clock; connecting top_inst_reset_bfm to 'top_inst_clk_bfm.clk'
Info: add_connection top_inst_clk_bfm.clk top_inst_reset_bfm.clk
Info: get_instance_property top_inst CLASS_NAME
Info: get_instance_interface_property top_inst reset CLASS_NAME
Info: get_instance_property top_inst_reset_bfm CLASS_NAME
Info: load_component top_inst_reset_bfm
Info: get_component_interfaces 
Info: get_instance_property top_inst_reset_bfm CLASS_NAME
Info: load_component top_inst_reset_bfm
Info: get_component_interface_property reset CLASS_NAME
Info: get_instance_property top_inst_reset_bfm CLASS_NAME
Info: load_component top_inst_reset_bfm
Info: get_component_interface_property clk CLASS_NAME
Info: add_connection top_inst_reset_bfm.reset top_inst.reset
Info: send_message Info TB_Gen: Saving testbench system: top_tb.vds
Info: TB_Gen: Saving testbench system: top_tb.vds
Info: save_system top_tb.vds
Info: All modules have been converted to Generic Components.
Info: send_message Info TB_Gen: TBGEN SUCCESSFUL
Info: TB_Gen: TBGEN SUCCESSFUL
Info: Testbench system: /altera_examples/altera_learn/proj/2_vds/cmpl_proj/gen/vds/top_tb/top_tb.vds
Info: Done
Info: Saving generation log to /altera_examples/altera_learn/proj/2_vds/cmpl_proj/gen/vds/top_tb/ip/top_inst_clk_bfm_ip/top_inst_clk_bfm_ip_generation.rpt
Info: Generated by version: 26.1 build 110
Info: Starting: Create simulation model
Info: vds-generate /altera_examples/altera_learn/proj/2_vds/cmpl_proj/gen/vds/top_tb/ip/top_inst_clk_bfm_ip.ip --simulation=VERILOG --allow-mixed-language-simulation --simulator=RIVIERA,XCELIUM,VCS,VCSMX,MODELSIM --output-directory=/altera_examples/altera_learn/proj/2_vds/cmpl_proj/gen/vds/top_tb/ip/top_inst_clk_bfm_ip --family="Agilex 3" --part=A3CY100BM16AE7S
Info: top_inst_clk_bfm_ip.top_inst_clk_bfm: Elaborate: altera_clock_source
Info: top_inst_clk_bfm_ip.top_inst_clk_bfm:            $Revision: #1 $
Info: top_inst_clk_bfm_ip.top_inst_clk_bfm:            $Date: 2026/02/05 $
Info: top_inst_clk_bfm_ip: "Transforming system: top_inst_clk_bfm_ip"
Info: top_inst_clk_bfm_ip: "Naming system components in system: top_inst_clk_bfm_ip"
Info: top_inst_clk_bfm_ip: "Processing generation queue"
Info: top_inst_clk_bfm_ip: "Generating: top_inst_clk_bfm_ip"
Info: top_inst_clk_bfm_ip: "Generating: altera_avalon_clock_source"
Info: top_inst_clk_bfm_ip: Done "top_inst_clk_bfm_ip" with 2 modules, 3 files
Warning: Skipping generation of synopsys/vcs/vcs_setup.sh since VCS 2-step flow is not supported for specified device family. Use VCS-MX or another supported simulator.
Info: Generating the following file(s) for RIVIERA simulator in /altera_examples/altera_learn/proj/2_vds/cmpl_proj/gen/vds/top_tb/ip/top_inst_clk_bfm_ip/sim/ directory:
Info: 	common/riviera_files.tcl
Info: Generating the following file(s) for XCELIUM simulator in /altera_examples/altera_learn/proj/2_vds/cmpl_proj/gen/vds/top_tb/ip/top_inst_clk_bfm_ip/sim/ directory:
Info: 	common/xcelium_files.tcl
Info: Generating the following file(s) for VCSMX simulator in /altera_examples/altera_learn/proj/2_vds/cmpl_proj/gen/vds/top_tb/ip/top_inst_clk_bfm_ip/sim/ directory:
Info: 	common/vcsmx_files.tcl
Info: Generating the following file(s) for MODELSIM simulator in /altera_examples/altera_learn/proj/2_vds/cmpl_proj/gen/vds/top_tb/ip/top_inst_clk_bfm_ip/sim/ directory:
Info: 	common/modelsim_files.tcl
Info: For information on how to simulate your IP, see the explanatory comments in the simulator-specific subdirectories under /altera_examples/altera_learn/proj/2_vds/cmpl_proj/gen/vds/top_tb/ip/top_inst_clk_bfm_ip/sim/.
Info: Regenerate these scripts whenever you make any change to any Quartus-generated IP in your project.
Info: Finished: Create simulation model
Info: Starting: Create simulation script
Info: sim-script-gen --system-file=/altera_examples/altera_learn/proj/2_vds/cmpl_proj/gen/vds/top_tb/ip/top_inst_clk_bfm_ip.ip --simulator=RIVIERA,XCELIUM,VCS,VCSMX,MODELSIM --output-directory=/altera_examples/altera_learn/proj/2_vds/cmpl_proj/gen/vds/top_tb/ip/top_inst_clk_bfm_ip/sim/ --use-relative-paths=true
Warning: Skipping generation of synopsys/vcs/vcs_setup.sh since VCS 2-step flow is not supported for specified device family. Use VCS-MX or another supported simulator.
Info: Generating the following file(s) for RIVIERA simulator in /altera_examples/altera_learn/proj/2_vds/cmpl_proj/gen/vds/top_tb/ip/top_inst_clk_bfm_ip/sim/ directory:
Info: 	aldec/rivierapro_setup.tcl
Info: 	aldec/run_rivierapro_setup.tcl
Info: Generating the following file(s) for XCELIUM simulator in /altera_examples/altera_learn/proj/2_vds/cmpl_proj/gen/vds/top_tb/ip/top_inst_clk_bfm_ip/sim/ directory:
Info: 	xcelium/cds.lib
Info: 	xcelium/hdl.var
Info: 	xcelium/xcelium_setup.sh
Info: 	4 .cds.lib files in xcelium/cds_libs/ directory
Info: Generating the following file(s) for VCSMX simulator in /altera_examples/altera_learn/proj/2_vds/cmpl_proj/gen/vds/top_tb/ip/top_inst_clk_bfm_ip/sim/ directory:
Info: 	synopsys/vcsmx/_device_synopsys_sim.setup
Info: 	synopsys/vcsmx/synopsys_sim.setup
Info: 	synopsys/vcsmx/vcsmx_setup.sh
Info: Generating the following file(s) for MODELSIM simulator in /altera_examples/altera_learn/proj/2_vds/cmpl_proj/gen/vds/top_tb/ip/top_inst_clk_bfm_ip/sim/ directory:
Info: 	mentor/msim_setup.tcl
Info: 	mentor/run_msim_setup.tcl
Info: For information on how to simulate your IP, see the explanatory comments in the simulator-specific subdirectories under /altera_examples/altera_learn/proj/2_vds/cmpl_proj/gen/vds/top_tb/ip/top_inst_clk_bfm_ip/sim/.
Info: Regenerate these scripts whenever you make any change to any Quartus-generated IP in your project.
Info: Finished: Create simulation script
Info: 
Info: Starting: Create HDL design files for synthesis
Info: vds-generate /altera_examples/altera_learn/proj/2_vds/cmpl_proj/gen/vds/top_tb/ip/top_inst_clk_bfm_ip.ip --synthesis=VERILOG --output-directory=/altera_examples/altera_learn/proj/2_vds/cmpl_proj/gen/vds/top_tb/ip/top_inst_clk_bfm_ip --family="Agilex 3" --part=A3CY100BM16AE7S
Info: top_inst_clk_bfm_ip.top_inst_clk_bfm: Elaborate: altera_clock_source
Info: top_inst_clk_bfm_ip.top_inst_clk_bfm:            $Revision: #1 $
Info: top_inst_clk_bfm_ip.top_inst_clk_bfm:            $Date: 2026/02/05 $
Info: top_inst_clk_bfm_ip: "Transforming system: top_inst_clk_bfm_ip"
Info: top_inst_clk_bfm_ip: "Naming system components in system: top_inst_clk_bfm_ip"
Info: top_inst_clk_bfm_ip: "Processing generation queue"
Info: top_inst_clk_bfm_ip: "Generating: top_inst_clk_bfm_ip"
Info: top_inst_clk_bfm_ip: "Generating: altera_avalon_clock_source"
Info: top_inst_clk_bfm_ip: Done "top_inst_clk_bfm_ip" with 2 modules, 3 files
Info: Finished: Create HDL design files for synthesis
Info: Generation of /altera_examples/altera_learn/proj/2_vds/cmpl_proj/gen/vds/top_tb/ip/top_inst_clk_bfm_ip.ip (top_inst_clk_bfm_ip) took 2547 ms
Info: 
Info: Saving generation log to /altera_examples/altera_learn/proj/2_vds/cmpl_proj/gen/vds/top_tb/ip/top_inst_reset_bfm_ip/top_inst_reset_bfm_ip_generation.rpt
Info: Generated by version: 26.1 build 110
Info: Starting: Create simulation model
Info: vds-generate /altera_examples/altera_learn/proj/2_vds/cmpl_proj/gen/vds/top_tb/ip/top_inst_reset_bfm_ip.ip --simulation=VERILOG --allow-mixed-language-simulation --simulator=RIVIERA,XCELIUM,VCS,VCSMX,MODELSIM --output-directory=/altera_examples/altera_learn/proj/2_vds/cmpl_proj/gen/vds/top_tb/ip/top_inst_reset_bfm_ip --family="Agilex 3" --part=A3CY100BM16AE7S
Info: top_inst_reset_bfm_ip.top_inst_reset_bfm: Elaborate: altera_reset_source
Info: top_inst_reset_bfm_ip.top_inst_reset_bfm:            $Revision: #1 $
Info: top_inst_reset_bfm_ip.top_inst_reset_bfm:            $Date: 2026/02/05 $
Info: top_inst_reset_bfm_ip.top_inst_reset_bfm: Reset is negatively asserted.
Info: top_inst_reset_bfm_ip: "Transforming system: top_inst_reset_bfm_ip"
Info: top_inst_reset_bfm_ip: "Naming system components in system: top_inst_reset_bfm_ip"
Info: top_inst_reset_bfm_ip: "Processing generation queue"
Info: top_inst_reset_bfm_ip: "Generating: top_inst_reset_bfm_ip"
Info: top_inst_reset_bfm_ip: "Generating: altera_avalon_reset_source"
Info: top_inst_reset_bfm_ip: Done "top_inst_reset_bfm_ip" with 2 modules, 3 files
Warning: Skipping generation of synopsys/vcs/vcs_setup.sh since VCS 2-step flow is not supported for specified device family. Use VCS-MX or another supported simulator.
Info: Generating the following file(s) for RIVIERA simulator in /altera_examples/altera_learn/proj/2_vds/cmpl_proj/gen/vds/top_tb/ip/top_inst_reset_bfm_ip/sim/ directory:
Info: 	common/riviera_files.tcl
Info: Generating the following file(s) for XCELIUM simulator in /altera_examples/altera_learn/proj/2_vds/cmpl_proj/gen/vds/top_tb/ip/top_inst_reset_bfm_ip/sim/ directory:
Info: 	common/xcelium_files.tcl
Info: Generating the following file(s) for VCSMX simulator in /altera_examples/altera_learn/proj/2_vds/cmpl_proj/gen/vds/top_tb/ip/top_inst_reset_bfm_ip/sim/ directory:
Info: 	common/vcsmx_files.tcl
Info: Generating the following file(s) for MODELSIM simulator in /altera_examples/altera_learn/proj/2_vds/cmpl_proj/gen/vds/top_tb/ip/top_inst_reset_bfm_ip/sim/ directory:
Info: 	common/modelsim_files.tcl
Info: For information on how to simulate your IP, see the explanatory comments in the simulator-specific subdirectories under /altera_examples/altera_learn/proj/2_vds/cmpl_proj/gen/vds/top_tb/ip/top_inst_reset_bfm_ip/sim/.
Info: Regenerate these scripts whenever you make any change to any Quartus-generated IP in your project.
Info: Finished: Create simulation model
Info: Starting: Create simulation script
Info: sim-script-gen --system-file=/altera_examples/altera_learn/proj/2_vds/cmpl_proj/gen/vds/top_tb/ip/top_inst_reset_bfm_ip.ip --simulator=RIVIERA,XCELIUM,VCS,VCSMX,MODELSIM --output-directory=/altera_examples/altera_learn/proj/2_vds/cmpl_proj/gen/vds/top_tb/ip/top_inst_reset_bfm_ip/sim/ --use-relative-paths=true
Warning: Skipping generation of synopsys/vcs/vcs_setup.sh since VCS 2-step flow is not supported for specified device family. Use VCS-MX or another supported simulator.
Info: Generating the following file(s) for RIVIERA simulator in /altera_examples/altera_learn/proj/2_vds/cmpl_proj/gen/vds/top_tb/ip/top_inst_reset_bfm_ip/sim/ directory:
Info: 	aldec/rivierapro_setup.tcl
Info: 	aldec/run_rivierapro_setup.tcl
Info: Generating the following file(s) for XCELIUM simulator in /altera_examples/altera_learn/proj/2_vds/cmpl_proj/gen/vds/top_tb/ip/top_inst_reset_bfm_ip/sim/ directory:
Info: 	xcelium/cds.lib
Info: 	xcelium/hdl.var
Info: 	xcelium/xcelium_setup.sh
Info: 	4 .cds.lib files in xcelium/cds_libs/ directory
Info: Generating the following file(s) for VCSMX simulator in /altera_examples/altera_learn/proj/2_vds/cmpl_proj/gen/vds/top_tb/ip/top_inst_reset_bfm_ip/sim/ directory:
Info: 	synopsys/vcsmx/_device_synopsys_sim.setup
Info: 	synopsys/vcsmx/synopsys_sim.setup
Info: 	synopsys/vcsmx/vcsmx_setup.sh
Info: Generating the following file(s) for MODELSIM simulator in /altera_examples/altera_learn/proj/2_vds/cmpl_proj/gen/vds/top_tb/ip/top_inst_reset_bfm_ip/sim/ directory:
Info: 	mentor/msim_setup.tcl
Info: 	mentor/run_msim_setup.tcl
Info: For information on how to simulate your IP, see the explanatory comments in the simulator-specific subdirectories under /altera_examples/altera_learn/proj/2_vds/cmpl_proj/gen/vds/top_tb/ip/top_inst_reset_bfm_ip/sim/.
Info: Regenerate these scripts whenever you make any change to any Quartus-generated IP in your project.
Info: Finished: Create simulation script
Info: 
Info: Starting: Create HDL design files for synthesis
Info: vds-generate /altera_examples/altera_learn/proj/2_vds/cmpl_proj/gen/vds/top_tb/ip/top_inst_reset_bfm_ip.ip --synthesis=VERILOG --output-directory=/altera_examples/altera_learn/proj/2_vds/cmpl_proj/gen/vds/top_tb/ip/top_inst_reset_bfm_ip --family="Agilex 3" --part=A3CY100BM16AE7S
Info: top_inst_reset_bfm_ip.top_inst_reset_bfm: Elaborate: altera_reset_source
Info: top_inst_reset_bfm_ip.top_inst_reset_bfm:            $Revision: #1 $
Info: top_inst_reset_bfm_ip.top_inst_reset_bfm:            $Date: 2026/02/05 $
Info: top_inst_reset_bfm_ip.top_inst_reset_bfm: Reset is negatively asserted.
Info: top_inst_reset_bfm_ip: "Transforming system: top_inst_reset_bfm_ip"
Info: top_inst_reset_bfm_ip: "Naming system components in system: top_inst_reset_bfm_ip"
Info: top_inst_reset_bfm_ip: "Processing generation queue"
Info: top_inst_reset_bfm_ip: "Generating: top_inst_reset_bfm_ip"
Info: top_inst_reset_bfm_ip: "Generating: altera_avalon_reset_source"
Info: top_inst_reset_bfm_ip: Done "top_inst_reset_bfm_ip" with 2 modules, 3 files
Info: Finished: Create HDL design files for synthesis
Info: Generation of /altera_examples/altera_learn/proj/2_vds/cmpl_proj/gen/vds/top_tb/ip/top_inst_reset_bfm_ip.ip (top_inst_reset_bfm_ip) took 2499 ms
Info: 
Info: vds-generate /altera_examples/altera_learn/proj/2_vds/cmpl_proj/src/vds/top/top.vds --simulation=VERILOG --allow-mixed-language-simulation --testbench=STANDARD --testbench-simulation=VERILOG --allow-mixed-language-testbench-simulation --output-directory=/altera_examples/altera_learn/proj/2_vds/cmpl_proj/gen/vds/top_tb --family="Agilex 3" --part=A3CY100BM16AE7S
Progress: Loading top_tb/top_tb.vds
Progress: Reading input file
Progress: Parameterizing module top_inst
Progress: Parameterizing module top_inst_clk_bfm
Progress: Parameterizing module top_inst_reset_bfm
Progress: Building connections
Progress: Parameterizing connections
Progress: Validating
Progress: Done reading input file
Component Instantiation Warning: top_tb.top_inst.clk: System Information doesn't match requirements of IP.
Warning: top_tb.top_inst.juart: Interrupt sender juart.irq is not connected to an interrupt receiver
Info: top_tb: "Transforming system: top_tb"
Info: top_tb: "Naming system components in system: top_tb"
Info: top_tb: "Processing generation queue"
Info: top_tb: "Generating: top_tb"
Info: top_tb: "Generating: top_inst_clk_bfm_ip"
Info: top_tb: "Generating: top_inst_reset_bfm_ip"
Info: top_tb: Done "top_tb" with 4 modules, 1 files
Warning: Skipping generation of synopsys/vcs/vcs_setup.sh since VCS 2-step flow is not supported for specified device family. Use VCS-MX or another supported simulator.
Info: Generating the following file(s) for VCSMX simulator in /altera_examples/altera_learn/proj/2_vds/cmpl_proj/gen/vds/top_tb/sim/ directory:
Info: 	common/vcsmx_files.tcl
Info: Generating the following file(s) for RIVIERA simulator in /altera_examples/altera_learn/proj/2_vds/cmpl_proj/gen/vds/top_tb/sim/ directory:
Info: 	common/riviera_files.tcl
Info: Generating the following file(s) for MODELSIM simulator in /altera_examples/altera_learn/proj/2_vds/cmpl_proj/gen/vds/top_tb/sim/ directory:
Info: 	common/modelsim_files.tcl
Info: Generating the following file(s) for XCELIUM simulator in /altera_examples/altera_learn/proj/2_vds/cmpl_proj/gen/vds/top_tb/sim/ directory:
Info: 	common/xcelium_files.tcl
Info: For information on how to simulate your IP, see the explanatory comments in the simulator-specific subdirectories under /altera_examples/altera_learn/proj/2_vds/cmpl_proj/gen/vds/top_tb/sim/.
Info: Regenerate these scripts whenever you make any change to any Quartus-generated IP in your project.
Info: sim-script-gen --system-file=/altera_examples/altera_learn/proj/2_vds/cmpl_proj/gen/vds/top_tb/top_tb.vds --output-directory=/altera_examples/altera_learn/proj/2_vds/cmpl_proj/gen/vds/top_tb/sim/ --use-relative-paths=true
Warning: Skipping generation of synopsys/vcs/vcs_setup.sh since VCS 2-step flow is not supported for specified device family. Use VCS-MX or another supported simulator.
Info: Generating the following file(s) for VCSMX simulator in /altera_examples/altera_learn/proj/2_vds/cmpl_proj/gen/vds/top_tb/sim/ directory:
Info: 	synopsys/vcsmx/_device_synopsys_sim.setup
Info: 	synopsys/vcsmx/synopsys_sim.setup
Info: 	synopsys/vcsmx/vcsmx_setup.sh
Info: Generating the following file(s) for RIVIERA simulator in /altera_examples/altera_learn/proj/2_vds/cmpl_proj/gen/vds/top_tb/sim/ directory:
Info: 	aldec/rivierapro_setup.tcl
Info: 	aldec/run_rivierapro_setup.tcl
Info: Generating the following file(s) for MODELSIM simulator in /altera_examples/altera_learn/proj/2_vds/cmpl_proj/gen/vds/top_tb/sim/ directory:
Info: 	mentor/msim_setup.tcl
Info: 	mentor/run_msim_setup.tcl
Info: Generating the following file(s) for XCELIUM simulator in /altera_examples/altera_learn/proj/2_vds/cmpl_proj/gen/vds/top_tb/sim/ directory:
Info: 	xcelium/cds.lib
Info: 	xcelium/hdl.var
Info: 	xcelium/xcelium_setup.sh
Info: 	1 .cds.lib files in xcelium/cds_libs/ directory
Info: For information on how to simulate your IP, see the explanatory comments in the simulator-specific subdirectories under /altera_examples/altera_learn/proj/2_vds/cmpl_proj/gen/vds/top_tb/sim/.
Info: Regenerate these scripts whenever you make any change to any Quartus-generated IP in your project.
Info: Finished: Create testbench Platform Designer system
Info: 
Info: Starting: Create HDL design files for synthesis
Info: vds-generate /altera_examples/altera_learn/proj/2_vds/cmpl_proj/src/vds/top/top.vds --synthesis=VERILOG --output-directory=/altera_examples/altera_learn/proj/2_vds/cmpl_proj/gen/vds/top --family="Agilex 3" --part=A3CY100BM16AE7S
Progress: Loading top/top.vds
Progress: Reading input file
Progress: Parameterizing module clk
Progress: Parameterizing module juart
Progress: Parameterizing module niosv
Progress: Parameterizing module ram
Progress: Building connections
Progress: Parameterizing connections
Progress: Validating
Progress: Done reading input file
Component Instantiation Warning: top.clk: System Information doesn't match requirements of IP.
Warning: top.juart: Interrupt sender juart.irq is not connected to an interrupt receiver
Info: top: "Transforming system: top"
Info: top: "Naming system components in system: top"
Info: top: "Processing generation queue"
Info: top: "Generating: top"
Info: top: "Generating: top_clk"
Info: top: "Generating: top_juart"
Info: top: "Generating: top_niosv"
Info: top: "Generating: top_ram"
Info: top: "Generating: top_altera_mm_interconnect_1920_wwna2kq"
Info: top: "Generating: altera_reset_controller"
Info: top: "Generating: top_altera_merlin_axi_translator_1987_jmx322a"
Info: top: "Generating: top_altera_merlin_slave_translator_191_xg7rzxi"
Info: top: "Generating: top_altera_merlin_axi_translator_1987_lty7xoq"
Info: top: "Generating: top_altera_merlin_axi_master_ni_19117_a33l7ua"
Info: top: "Generating: top_altera_merlin_slave_agent_1930_jxauz3i"
Info: top: "Generating: top_altera_avalon_sc_fifo_1932_22gxxgi"
Info: top: "Generating: top_altera_merlin_axi_slave_ni_19129_jimy6za"
Info: my_altera_avalon_sc_fifo_wr: "Generating: my_altera_avalon_sc_fifo_wr"
Info: my_altera_avalon_sc_fifo_rd: "Generating: my_altera_avalon_sc_fifo_rd"
Info: my_altera_avalon_st_pipeline_stage_rd: "Generating: my_altera_avalon_st_pipeline_stage_rd"
Info: my_altera_avalon_st_pipeline_stage_wr: "Generating: my_altera_avalon_st_pipeline_stage_wr"
Info: my_altera_avalon_st_pipeline_stage_rp: "Generating: my_altera_avalon_st_pipeline_stage_rp"
Info: top: "Generating: top_altera_merlin_router_1921_v5rfyli"
Info: top: "Generating: top_altera_merlin_router_1921_jbra4kq"
Info: top: "Generating: top_altera_merlin_router_1921_et7blli"
Info: top: "Generating: top_altera_merlin_router_1921_rw2a5pi"
Info: top: "Generating: top_altera_merlin_router_1921_wud6yfi"
Info: top: "Generating: top_altera_merlin_router_1921_23fta3q"
Info: top: "Generating: top_altera_merlin_router_1921_dkyrmhq"
Info: top: "Generating: top_altera_merlin_demultiplexer_1921_jd7cwai"
Info: top: "Generating: top_altera_merlin_demultiplexer_1921_donqkmi"
Info: top: "Generating: top_altera_merlin_multiplexer_1922_w4guyuy"
Info: top: "Generating: top_altera_merlin_multiplexer_1922_4zg7kyq"
Info: top: "Generating: top_altera_merlin_multiplexer_1922_ql6jrba"
Info: top: "Generating: top_altera_merlin_axi_slave_ni_altera_avalon_sc_fifo_19129_fs67l3a"
Info: top: "Generating: top_altera_merlin_axi_slave_ni_altera_avalon_st_pipeline_stage_19129_a5cmeay"
Info: top: "Generating: top_altera_merlin_axi_slave_ni_altera_avalon_st_pipeline_stage_19129_zyff54i"
Info: top: "Generating: top_altera_merlin_axi_slave_ni_altera_avalon_st_pipeline_stage_19129_6ngu5fy"
Info: top: "Generating: top_altera_avalon_st_pipeline_stage_1930_oiupeiq"
Info: top: Done "top" with 31 modules, 46 files
Info: Finished: Create HDL design files for synthesis
