Info: Generated by version: 26.1 build 110
Info: Starting: Create simulation model
Info: vds-generate /altera_examples/altera_learn/proj/2_vds/cmpl_proj/src/vds/top/top.vds --simulation=VERILOG --allow-mixed-language-simulation --simulator=RIVIERA,XCELIUM,VCS,VCSMX,MODELSIM --output-directory=/altera_examples/altera_learn/proj/2_vds/cmpl_proj/gen/vds/top --family="Agilex 3" --part=A3CY100BM16AE7S
Progress: Loading top/top.vds
Progress: Reading input file
Progress: Parameterizing module clk
Progress: Parameterizing module juart
Progress: Parameterizing module niosv
Progress: Parameterizing module ram
Progress: Building connections
Progress: Parameterizing connections
Progress: Validating
Progress: Done reading input file
Warning: top.juart: Interrupt sender juart.irq is not connected to an interrupt receiver
Error: top.ram.axi_s1: Width of agent ID signals (1) must be at least 2. Increase agent ID width or reduce ID widths for any connected AXI managers
Error: Generation failed with exit code 3: 1 Error, 1 Warning
Info: Finished: Create simulation model
Warning: Could not generate simulation scripts for selected simulators because simulator Tcl files have not been generated. Please clear output directory.
Info: 
Info: Starting: Create testbench Platform Designer system
Info: /altera_examples/altera_learn/proj/2_vds/cmpl_proj/gen/vds/top_tb/top.ipx
Info: vds-generate /altera_examples/altera_learn/proj/2_vds/cmpl_proj/src/vds/top/top.vds --testbench=STANDARD --output-directory=/altera_examples/altera_learn/proj/2_vds/cmpl_proj/src/vds/top --family="Agilex 3" --part=A3CY100BM16AE7S
Error: Validation of the system failed
Error: There were errors creating the testbench system.
Info: Finished: Create testbench Platform Designer system
Info: 
Info: Starting: Create HDL design files for synthesis
Info: vds-generate /altera_examples/altera_learn/proj/2_vds/cmpl_proj/src/vds/top/top.vds --synthesis=VERILOG --output-directory=/altera_examples/altera_learn/proj/2_vds/cmpl_proj/gen/vds/top --family="Agilex 3" --part=A3CY100BM16AE7S
Progress: Loading top/top.vds
Progress: Reading input file
Progress: Parameterizing module clk
Progress: Parameterizing module juart
Progress: Parameterizing module niosv
Progress: Parameterizing module ram
Progress: Building connections
Progress: Parameterizing connections
Progress: Validating
Progress: Done reading input file
Warning: top.juart: Interrupt sender juart.irq is not connected to an interrupt receiver
Error: top.ram.axi_s1: Width of agent ID signals (1) must be at least 2. Increase agent ID width or reduce ID widths for any connected AXI managers
Error: Generation failed with exit code 3: 1 Error, 1 Warning
Info: Finished: Create HDL design files for synthesis
