Questa Altera FPGA Edition-64 qrun 2025.2 Utility 2025.05 May 31 2025
Start time: 16:03:22 on Apr 27,2026
qrun -compile -noautoorder -parallel -outdir ./libraries -vlog.options -end -vcom.options -end -vlog.ext=+.vo -vlog.ext=+.vt -vcom.ext=+.vho -sv -suppress 13338 -f modelsim_com.f 
** Note: (qrun-220) '/opt/questa/questa_fe/linux_x86_64/../modelsim.ini' is used as the ini file.
Mapping library 'altera_common_sv_packages' to './libraries/altera_common_sv_packages'.
** Note: (vmap-220) '/opt/questa/questa_fe/linux_x86_64/../modelsim.ini' is used as the ini file.
Mapping library 'altera_avalon_jtag_uart_1932' to './libraries/altera_avalon_jtag_uart_1932'.
** Note: (vmap-220) '/opt/questa/questa_fe/linux_x86_64/../modelsim.ini' is used as the ini file.
Mapping library 'top_juart' to './libraries/top_juart'.
** Note: (vmap-220) '/opt/questa/questa_fe/linux_x86_64/../modelsim.ini' is used as the ini file.
Mapping library 'altera_reset_controller_1924' to './libraries/altera_reset_controller_1924'.
** Note: (vmap-220) '/opt/questa/questa_fe/linux_x86_64/../modelsim.ini' is used as the ini file.
Mapping library 'intel_niosv_c_unit_420' to './libraries/intel_niosv_c_unit_420'.
** Note: (vmap-220) '/opt/questa/questa_fe/linux_x86_64/../modelsim.ini' is used as the ini file.
Mapping library 'intel_niosv_c_420' to './libraries/intel_niosv_c_420'.
** Note: (vmap-220) '/opt/questa/questa_fe/linux_x86_64/../modelsim.ini' is used as the ini file.
Mapping library 'top_niosv' to './libraries/top_niosv'.
** Note: (vmap-220) '/opt/questa/questa_fe/linux_x86_64/../modelsim.ini' is used as the ini file.
Mapping library 'intel_onchip_memory_1411' to './libraries/intel_onchip_memory_1411'.
** Note: (vmap-220) '/opt/questa/questa_fe/linux_x86_64/../modelsim.ini' is used as the ini file.
Mapping library 'top_ram' to './libraries/top_ram'.
** Note: (vmap-220) '/opt/questa/questa_fe/linux_x86_64/../modelsim.ini' is used as the ini file.
Mapping library 'top_clk' to './libraries/top_clk'.
** Note: (vmap-220) '/opt/questa/questa_fe/linux_x86_64/../modelsim.ini' is used as the ini file.
Mapping library 'altera_merlin_axi_translator_1987' to './libraries/altera_merlin_axi_translator_1987'.
** Note: (vmap-220) '/opt/questa/questa_fe/linux_x86_64/../modelsim.ini' is used as the ini file.
Mapping library 'altera_merlin_slave_translator_191' to './libraries/altera_merlin_slave_translator_191'.
** Note: (vmap-220) '/opt/questa/questa_fe/linux_x86_64/../modelsim.ini' is used as the ini file.
Mapping library 'altera_merlin_axi_master_ni_19117' to './libraries/altera_merlin_axi_master_ni_19117'.
** Note: (vmap-220) '/opt/questa/questa_fe/linux_x86_64/../modelsim.ini' is used as the ini file.
Mapping library 'altera_merlin_slave_agent_1930' to './libraries/altera_merlin_slave_agent_1930'.
** Note: (vmap-220) '/opt/questa/questa_fe/linux_x86_64/../modelsim.ini' is used as the ini file.
Mapping library 'altera_avalon_sc_fifo_1932' to './libraries/altera_avalon_sc_fifo_1932'.
** Note: (vmap-220) '/opt/questa/questa_fe/linux_x86_64/../modelsim.ini' is used as the ini file.
Mapping library 'altera_merlin_axi_slave_ni_19129' to './libraries/altera_merlin_axi_slave_ni_19129'.
** Note: (vmap-220) '/opt/questa/questa_fe/linux_x86_64/../modelsim.ini' is used as the ini file.
Mapping library 'altera_avalon_st_pipeline_stage_1930' to './libraries/altera_avalon_st_pipeline_stage_1930'.
** Note: (vmap-220) '/opt/questa/questa_fe/linux_x86_64/../modelsim.ini' is used as the ini file.
Mapping library 'altera_merlin_router_1921' to './libraries/altera_merlin_router_1921'.
** Note: (vmap-220) '/opt/questa/questa_fe/linux_x86_64/../modelsim.ini' is used as the ini file.
Mapping library 'altera_merlin_demultiplexer_1921' to './libraries/altera_merlin_demultiplexer_1921'.
** Note: (vmap-220) '/opt/questa/questa_fe/linux_x86_64/../modelsim.ini' is used as the ini file.
Mapping library 'altera_merlin_multiplexer_1922' to './libraries/altera_merlin_multiplexer_1922'.
** Note: (vmap-220) '/opt/questa/questa_fe/linux_x86_64/../modelsim.ini' is used as the ini file.
Mapping library 'altera_mm_interconnect_1920' to './libraries/altera_mm_interconnect_1920'.
** Note: (vmap-220) '/opt/questa/questa_fe/linux_x86_64/../modelsim.ini' is used as the ini file.
Mapping library 'top' to './libraries/top'.
** Note: (vmap-220) '/opt/questa/questa_fe/linux_x86_64/../modelsim.ini' is used as the ini file.
Mapping library 'altera_avalon_clock_source_191' to './libraries/altera_avalon_clock_source_191'.
** Note: (vmap-220) '/opt/questa/questa_fe/linux_x86_64/../modelsim.ini' is used as the ini file.
Mapping library 'top_inst_clk_bfm_ip' to './libraries/top_inst_clk_bfm_ip'.
** Note: (vmap-220) '/opt/questa/questa_fe/linux_x86_64/../modelsim.ini' is used as the ini file.
Mapping library 'altera_avalon_reset_source_191' to './libraries/altera_avalon_reset_source_191'.
** Note: (vmap-220) '/opt/questa/questa_fe/linux_x86_64/../modelsim.ini' is used as the ini file.
Mapping library 'top_inst_reset_bfm_ip' to './libraries/top_inst_reset_bfm_ip'.
** Note: (vmap-220) '/opt/questa/questa_fe/linux_x86_64/../modelsim.ini' is used as the ini file.
Mapping library 'top_tb' to './libraries/top_tb'.
** Note: (vmap-220) '/opt/questa/questa_fe/linux_x86_64/../modelsim.ini' is used as the ini file.
-- Skipping 'vlog -sv -suppress 13338 ../../ip/top_inst_reset_bfm_ip/alte...'
-- Skipping 'vlog -sv -suppress 13338 ../../../top/ip/top_juart/altera_av...'
-- Skipping 'vlog -sv -suppress 13338 ../../../top/ip/top_juart/altera_av...'
-- Skipping 'vlog -sv -suppress 13338 ../../../top/ip/top_juart/altera_av...'
-- Skipping 'vlog -sv -suppress 13338 ../../../top/ip/top_juart/altera_av...'
-- Skipping 'vlog -sv -suppress 13338 ../../../top/ip/top_juart/altera_av...'
-- Skipping 'vlog -sv -suppress 13338 ../../../top/ip/top_juart/altera_av...'
-- Skipping 'vlog -sv -suppress 13338 ../../../top/ip/top_juart/sim/top_j...'
-- Skipping 'vlog -sv -suppress 13338 ../../../top/ip/top_niosv/intel_nio...'
-- Skipping 'vlog -sv -suppress 13338 ../../../top/ip/top_niosv/intel_nio...'
-- Skipping 'vlog -sv -suppress 13338 ../../../top/ip/top_niosv/intel_nio...'
-- Skipping 'vlog -sv -suppress 13338 ../../../top/ip/top_niosv/intel_nio...'
-- Skipping 'vlog -sv -suppress 13338 ../../../top/ip/top_niosv/intel_nio...'
-- Skipping 'vlog -sv -suppress 13338 ../../../top/ip/top_niosv/intel_nio...'
-- Skipping 'vlog -sv -suppress 13338 ../../../top/ip/top_niosv/intel_nio...'
-- Skipping 'vlog -sv -suppress 13338 ../../../top/ip/top_niosv/intel_nio...'
-- Skipping 'vlog -sv -suppress 13338 ../../../top/ip/top_niosv/intel_nio...'
-- Skipping 'vlog -sv -suppress 13338 ../../../top/ip/top_niosv/intel_nio...'
-- Skipping 'vlog -sv -suppress 13338 ../../../top/ip/top_niosv/intel_nio...'
-- Skipping 'vlog -sv -suppress 13338 ../../../top/ip/top_niosv/intel_nio...'
-- Skipping 'vlog -sv -suppress 13338 ../../../top/ip/top_niosv/intel_nio...'
-- Skipping 'vlog -sv -suppress 13338 ../../../top/ip/top_niosv/intel_nio...'
-- Skipping 'vlog -sv -suppress 13338 ../../../top/ip/top_niosv/intel_nio...'
-- Skipping 'vlog -sv -suppress 13338 ../../../top/ip/top_niosv/intel_nio...'
-- Skipping 'vlog -sv -suppress 13338 ../../../top/ip/top_niosv/intel_nio...'
-- Skipping 'vlog -sv -suppress 13338 ../../../top/ip/top_niosv/intel_nio...'
-- Skipping 'vlog -sv -suppress 13338 ../../../top/ip/top_niosv/intel_nio...'
-- Skipping 'vlog -sv -suppress 13338 ../../../top/ip/top_niosv/intel_nio...'
-- Skipping 'vlog -sv -suppress 13338 ../../../top/ip/top_niosv/intel_nio...'
-- Skipping 'vlog -sv -suppress 13338 ../../../top/ip/top_niosv/intel_nio...'
-- Skipping 'vlog -sv -suppress 13338 ../../../top/ip/top_niosv/intel_nio...'
-- Skipping 'vlog -sv -suppress 13338 ../../../top/ip/top_niosv/intel_nio...'
-- Skipping 'vlog -sv -suppress 13338 ../../../top/ip/top_niosv/sim/top_n...'
-- Skipping 'vlog -sv -suppress 13338 ../../../top/ip/top_ram/intel_onchi...'
-- Skipping 'vlog -sv -suppress 13338 ../../../top/ip/top_ram/intel_onchi...'
-- Skipping 'vlog -sv -suppress 13338 ../../../top/ip/top_ram/sim/top_ram...'
-- Skipping 'vlog -sv -suppress 13338 ../../../top/ip/top_clk/sim/top_clk...'
-- Skipping 'vlog -sv -suppress 13338 ../../../top/altera_merlin_axi_tran...'
-- Skipping 'vlog -sv -suppress 13338 ../../../top/altera_merlin_slave_tr...'
-- Skipping 'vlog -sv -suppress 13338 ../../../top/altera_merlin_axi_tran...'
-- Skipping 'vlog -sv -suppress 13338 ../../../top/altera_merlin_axi_mast...'
-- Skipping 'vlog -sv -suppress 13338 ../../../top/altera_merlin_axi_mast...'
-- Skipping 'vlog -sv -suppress 13338 ../../../top/altera_merlin_slave_ag...'
-- Skipping 'vlog -sv -suppress 13338 ../../../top/altera_merlin_slave_ag...'
-- Skipping 'vlog -sv -suppress 13338 ../../../top/altera_avalon_sc_fifo_...'
-- Skipping 'vlog -sv -suppress 13338 ../../../top/altera_merlin_axi_slav...'
-- Skipping 'vlog -sv -suppress 13338 ../../../top/altera_avalon_st_pipel...'
-- Skipping 'vlog -sv -suppress 13338 ../../../top/altera_avalon_st_pipel...'
-- Skipping 'vlog -sv -suppress 13338 ../../../top/altera_merlin_axi_slav...'
-- Skipping 'vlog -sv -suppress 13338 ../../../top/altera_merlin_axi_slav...'
-- Skipping 'vlog -sv -suppress 13338 ../../../top/altera_merlin_axi_slav...'
-- Skipping 'vlog -sv -suppress 13338 ../../../top/altera_merlin_axi_slav...'
-- Skipping 'vlog -sv -suppress 13338 ../../../top/altera_merlin_axi_slav...'
-- Skipping 'vlog -sv -suppress 13338 ../../../top/altera_merlin_axi_slav...'
-- Skipping 'vlog -sv -suppress 13338 ../../../top/altera_merlin_axi_slav...'
-- Skipping 'vlog -sv -suppress 13338 ../../../top/altera_merlin_axi_slav...'
-- Skipping 'vlog -sv -suppress 13338 ../../../top/altera_merlin_axi_slav...'
-- Skipping 'vlog -sv -suppress 13338 ../../../top/altera_merlin_axi_slav...'
-- Skipping 'vlog -sv -suppress 13338 ../../../top/altera_merlin_axi_slav...'
-- Skipping 'vlog -sv -suppress 13338 ../../../top/altera_merlin_axi_slav...'
-- Skipping 'vlog -sv -suppress 13338 ../../../top/altera_merlin_axi_slav...'
-- Skipping 'vlog -sv -suppress 13338 ../../../top/altera_merlin_axi_slav...'
-- Skipping 'vlog -sv -suppress 13338 ../../../top/altera_merlin_axi_slav...'
-- Skipping 'vlog -sv -suppress 13338 ../../../top/altera_merlin_router_1...'
-- Skipping 'vlog -sv -suppress 13338 ../../../top/altera_merlin_router_1...'
-- Skipping 'vlog -sv -suppress 13338 ../../../top/altera_merlin_router_1...'
-- Skipping 'vlog -sv -suppress 13338 ../../../top/altera_merlin_router_1...'
-- Skipping 'vlog -sv -suppress 13338 ../../../top/altera_merlin_router_1...'
-- Skipping 'vlog -sv -suppress 13338 ../../../top/altera_merlin_router_1...'
-- Skipping 'vlog -sv -suppress 13338 ../../../top/altera_merlin_router_1...'
-- Skipping 'vlog -sv -suppress 13338 ../../../top/altera_merlin_demultip...'
-- Skipping 'vlog -sv -suppress 13338 ../../../top/altera_merlin_demultip...'
-- Skipping 'vlog -sv -suppress 13338 ../../../top/altera_merlin_multiple...'
-- Skipping 'vlog -sv -suppress 13338 ../../../top/altera_merlin_multiple...'
-- Skipping 'vlog -sv -suppress 13338 ../../../top/altera_merlin_multiple...'
-- Skipping 'vlog -sv -suppress 13338 ../../../top/altera_merlin_multiple...'
-- Skipping 'vlog -sv -suppress 13338 ../../../top/altera_merlin_multiple...'
-- Skipping 'vlog -sv -suppress 13338 ../../../top/altera_merlin_multiple...'
-- Skipping 'vlog -sv -suppress 13338 ../../../top/altera_mm_interconnect...'
-- Skipping 'vlog -sv -suppress 13338 ../../../top/sim/top.v -work ./libr...'
-- Skipping 'vlog -sv -suppress 13338 -L altera_common_sv_packages ../../...'
-- Skipping 'vlog -sv -suppress 13338 ../../ip/top_inst_clk_bfm_ip/sim/to...'
-- Skipping 'vlog -sv -suppress 13338 -L altera_common_sv_packages ../../...'
-- Skipping 'vlog -sv -suppress 13338 ../../ip/top_inst_reset_bfm_ip/sim/...'
-- Skipping 'vlog -sv -suppress 13338 ../top_tb.v -work ./libraries/top_t...'
Questa Altera FPGA Edition-64 vlog 2025.2 Compiler 2025.05 May 31 2025
Start time: 16:03:24 on Apr 27,2026
vlog -sv -suppress 13338 ../../../top/ip/top_niosv/altera_reset_controller_1924/sim/altera_reset_controller.v -work ./libraries/altera_reset_controller_1924 -statslog ./libraries/stats_log -csession=incr -csessiondir ./libraries/sessions 
** Note: (vlog-220) '/opt/questa/questa_fe/linux_x86_64/../modelsim.ini' is used as the ini file.
-- Compiling module altera_reset_controller

Top level modules:
	altera_reset_controller
End time: 16:03:24 on Apr 27,2026, Elapsed time: 0:00:00
Errors: 0, Warnings: 0
Questa Altera FPGA Edition-64 vlog 2025.2 Compiler 2025.05 May 31 2025
Start time: 16:03:24 on Apr 27,2026
vlog -sv -suppress 13338 ../../../top/ip/top_niosv/altera_reset_controller_1924/sim/altera_reset_synchronizer.v -work ./libraries/altera_reset_controller_1924 -statslog ./libraries/stats_log -csession=incr -csessiondir ./libraries/sessions 
** Note: (vlog-220) '/opt/questa/questa_fe/linux_x86_64/../modelsim.ini' is used as the ini file.
-- Compiling module altera_reset_synchronizer

Top level modules:
	altera_reset_synchronizer
End time: 16:03:24 on Apr 27,2026, Elapsed time: 0:00:00
Errors: 0, Warnings: 0
Questa Altera FPGA Edition-64 vlog 2025.2 Compiler 2025.05 May 31 2025
Start time: 16:03:24 on Apr 27,2026
vlog -sv -suppress 13338 ../../../top/altera_reset_controller_1924/sim/altera_reset_controller.v -work ./libraries/altera_reset_controller_1924 -statslog ./libraries/stats_log -csession=incr -csessiondir ./libraries/sessions 
** Note: (vlog-220) '/opt/questa/questa_fe/linux_x86_64/../modelsim.ini' is used as the ini file.
-- Compiling module altera_reset_controller

Top level modules:
	altera_reset_controller
End time: 16:03:24 on Apr 27,2026, Elapsed time: 0:00:00
Errors: 0, Warnings: 0
Questa Altera FPGA Edition-64 vlog 2025.2 Compiler 2025.05 May 31 2025
Start time: 16:03:25 on Apr 27,2026
vlog -sv -suppress 13338 ../../../top/altera_reset_controller_1924/sim/altera_reset_synchronizer.v -work ./libraries/altera_reset_controller_1924 -statslog ./libraries/stats_log -csession=incr -csessiondir ./libraries/sessions 
** Note: (vlog-220) '/opt/questa/questa_fe/linux_x86_64/../modelsim.ini' is used as the ini file.
-- Compiling module altera_reset_synchronizer

Top level modules:
	altera_reset_synchronizer
End time: 16:03:25 on Apr 27,2026, Elapsed time: 0:00:00
Errors: 0, Warnings: 0
End time: 16:03:25 on Apr 27,2026, Elapsed time: 0:00:03
*** Summary *********************************************
    qrun: Errors:   0, Warnings:   0
    vlog: Errors:   0, Warnings:   0
  Totals: Errors:   0, Warnings:   0
