Info: Generated by version: 26.1 build 110
Info: Starting: Create simulation model
Info: vds-generate /altera_examples/altera_learn/proj/2_vds/cmpl_proj/src/vds/top/ip/top_niosv.ip --simulation=VERILOG --allow-mixed-language-simulation --simulator=RIVIERA,XCELIUM,VCS,VCSMX,MODELSIM --output-directory=/altera_examples/altera_learn/proj/2_vds/cmpl_proj/gen/vds/top/ip/top_niosv --family="Agilex 3" --part=A3CY100BM16AE7S
Info: core.niosv_reset_controller: Deassert with RESET_REQUEST_PRESENT will have Minimum of 4 cycles difference between assertion of reset_req to reset_out
Info: top_niosv: "Transforming system: top_niosv"
Info: top_niosv: "Naming system components in system: top_niosv"
Info: top_niosv: "Processing generation queue"
Info: top_niosv: "Generating: top_niosv"
Info: top_niosv: "Generating: top_niosv_intel_niosv_c_420_qiadggq"
Info: top_niosv: "Generating: top_niosv_intel_niosv_c_unit_420_i5xhjda"
Info: niosv_reset_controller: "Generating: niosv_reset_controller"
Info: top_niosv: "Generating: niosv_reset_controller"
Info: top_niosv: "Generating: altera_reset_controller"
Info: top_niosv: Done "top_niosv" with 5 modules, 28 files
Warning: Skipping generation of synopsys/vcs/vcs_setup.sh since VCS 2-step flow is not supported for specified device family. Use VCS-MX or another supported simulator.
Info: Generating the following file(s) for RIVIERA simulator in /altera_examples/altera_learn/proj/2_vds/cmpl_proj/gen/vds/top/ip/top_niosv/sim/ directory:
Info: 	common/riviera_files.tcl
Info: Generating the following file(s) for XCELIUM simulator in /altera_examples/altera_learn/proj/2_vds/cmpl_proj/gen/vds/top/ip/top_niosv/sim/ directory:
Info: 	common/xcelium_files.tcl
Info: Generating the following file(s) for VCSMX simulator in /altera_examples/altera_learn/proj/2_vds/cmpl_proj/gen/vds/top/ip/top_niosv/sim/ directory:
Info: 	common/vcsmx_files.tcl
Info: Generating the following file(s) for MODELSIM simulator in /altera_examples/altera_learn/proj/2_vds/cmpl_proj/gen/vds/top/ip/top_niosv/sim/ directory:
Info: 	common/modelsim_files.tcl
Info: For information on how to simulate your IP, see the explanatory comments in the simulator-specific subdirectories under /altera_examples/altera_learn/proj/2_vds/cmpl_proj/gen/vds/top/ip/top_niosv/sim/.
Info: Regenerate these scripts whenever you make any change to any Quartus-generated IP in your project.
Info: Finished: Create simulation model
Info: Starting: Create simulation script
Info: sim-script-gen --system-file=/altera_examples/altera_learn/proj/2_vds/cmpl_proj/src/vds/top/ip/top_niosv.ip --simulator=RIVIERA,XCELIUM,VCS,VCSMX,MODELSIM --output-directory=/altera_examples/altera_learn/proj/2_vds/cmpl_proj/gen/vds/top/ip/top_niosv/sim/ --use-relative-paths=true
Warning: Skipping generation of synopsys/vcs/vcs_setup.sh since VCS 2-step flow is not supported for specified device family. Use VCS-MX or another supported simulator.
Info: Generating the following file(s) for RIVIERA simulator in /altera_examples/altera_learn/proj/2_vds/cmpl_proj/gen/vds/top/ip/top_niosv/sim/ directory:
Info: 	aldec/rivierapro_setup.tcl
Info: 	aldec/run_rivierapro_setup.tcl
Info: Generating the following file(s) for XCELIUM simulator in /altera_examples/altera_learn/proj/2_vds/cmpl_proj/gen/vds/top/ip/top_niosv/sim/ directory:
Info: 	xcelium/cds.lib
Info: 	xcelium/hdl.var
Info: 	xcelium/xcelium_setup.sh
Info: 	5 .cds.lib files in xcelium/cds_libs/ directory
Info: Generating the following file(s) for VCSMX simulator in /altera_examples/altera_learn/proj/2_vds/cmpl_proj/gen/vds/top/ip/top_niosv/sim/ directory:
Info: 	synopsys/vcsmx/_device_synopsys_sim.setup
Info: 	synopsys/vcsmx/synopsys_sim.setup
Info: 	synopsys/vcsmx/vcsmx_setup.sh
Info: Generating the following file(s) for MODELSIM simulator in /altera_examples/altera_learn/proj/2_vds/cmpl_proj/gen/vds/top/ip/top_niosv/sim/ directory:
Info: 	mentor/msim_setup.tcl
Info: 	mentor/run_msim_setup.tcl
Info: For information on how to simulate your IP, see the explanatory comments in the simulator-specific subdirectories under /altera_examples/altera_learn/proj/2_vds/cmpl_proj/gen/vds/top/ip/top_niosv/sim/.
Info: Regenerate these scripts whenever you make any change to any Quartus-generated IP in your project.
Info: Finished: Create simulation script
Info: 
Info: Starting: Create HDL design files for synthesis
Info: vds-generate /altera_examples/altera_learn/proj/2_vds/cmpl_proj/src/vds/top/ip/top_niosv.ip --synthesis=VERILOG --output-directory=/altera_examples/altera_learn/proj/2_vds/cmpl_proj/gen/vds/top/ip/top_niosv --family="Agilex 3" --part=A3CY100BM16AE7S
Info: core.niosv_reset_controller: Deassert with RESET_REQUEST_PRESENT will have Minimum of 4 cycles difference between assertion of reset_req to reset_out
Info: top_niosv: "Transforming system: top_niosv"
Info: top_niosv: "Naming system components in system: top_niosv"
Info: top_niosv: "Processing generation queue"
Info: top_niosv: "Generating: top_niosv"
Info: top_niosv: "Generating: top_niosv_intel_niosv_c_420_qiadggq"
Info: top_niosv: "Generating: top_niosv_intel_niosv_c_unit_420_i5xhjda"
Info: niosv_reset_controller: "Generating: niosv_reset_controller"
Info: top_niosv: "Generating: niosv_reset_controller"
Info: top_niosv: "Generating: altera_reset_controller"
Info: top_niosv: Done "top_niosv" with 5 modules, 28 files
Info: Finished: Create HDL design files for synthesis
